<?xml version="1.0" encoding="UTF-8"?>
<testsuite name="br.com.zup.repository.PixRepositoryTest" tests="2" skipped="0" failures="0" errors="0" timestamp="2021-04-09T20:13:53" hostname="ZUP-2698" time="0.025">
  <properties/>
  <testcase name="should delete a existing key()" classname="br.com.zup.repository.PixRepositoryTest" time="0.01"/>
  <testcase name="should register a new key()" classname="br.com.zup.repository.PixRepositoryTest" time="0.014"/>
  <system-out><![CDATA[?[36m17:13:53.114?[0;39m ?[1;30m[Test worker]?[0;39m ?[34mINFO ?[0;39m ?[35mi.m.context.env.DefaultEnvironment?[0;39m - Established active environments: [test]
?[36m17:13:53.158?[0;39m ?[1;30m[Test worker]?[0;39m ?[34mINFO ?[0;39m ?[35mcom.zaxxer.hikari.HikariDataSource?[0;39m - HikariPool-4 - Starting...
?[36m17:13:53.163?[0;39m ?[1;30m[Test worker]?[0;39m ?[34mINFO ?[0;39m ?[35mcom.zaxxer.hikari.HikariDataSource?[0;39m - HikariPool-4 - Start completed.
?[36m17:13:53.180?[0;39m ?[1;30m[Test worker]?[0;39m ?[34mINFO ?[0;39m ?[35morg.hibernate.dialect.Dialect?[0;39m - HHH000400: Using dialect: org.hibernate.dialect.H2Dialect
?[36m17:13:53.370?[0;39m ?[1;30m[Test worker]?[0;39m ?[34mINFO ?[0;39m ?[35mcom.zaxxer.hikari.HikariDataSource?[0;39m - HikariPool-4 - Shutdown initiated...
?[36m17:13:53.374?[0;39m ?[1;30m[Test worker]?[0;39m ?[34mINFO ?[0;39m ?[35mcom.zaxxer.hikari.HikariDataSource?[0;39m - HikariPool-4 - Shutdown completed.
]]></system-out>
  <system-err><![CDATA[]]></system-err>
</testsuite>
