<?xml version="1.0" encoding="UTF-8"?>
<testsuite name="br.com.zup.pix.endpoint.RetrieveEndpointTest" tests="5" skipped="0" failures="0" errors="0" timestamp="2021-04-09T20:13:55" hostname="ZUP-2698" time="0.297">
  <properties/>
  <testcase name="should throw an error for pix not match client()" classname="br.com.zup.pix.endpoint.RetrieveEndpointTest" time="0.169"/>
  <testcase name="should throw an error not found()" classname="br.com.zup.pix.endpoint.RetrieveEndpointTest" time="0.009"/>
  <testcase name="should throw an error by invalid obj()" classname="br.com.zup.pix.endpoint.RetrieveEndpointTest" time="0.006"/>
  <testcase name="should retrieve some registered pix()" classname="br.com.zup.pix.endpoint.RetrieveEndpointTest" time="0.085"/>
  <testcase name="should throw an error from bcb api()" classname="br.com.zup.pix.endpoint.RetrieveEndpointTest" time="0.022"/>
  <system-out><![CDATA[?[36m17:13:54.825?[0;39m ?[1;30m[Test worker]?[0;39m ?[34mINFO ?[0;39m ?[35mi.m.context.env.DefaultEnvironment?[0;39m - Established active environments: [test]
?[36m17:13:54.880?[0;39m ?[1;30m[Test worker]?[0;39m ?[34mINFO ?[0;39m ?[35mcom.zaxxer.hikari.HikariDataSource?[0;39m - HikariPool-8 - Starting...
?[36m17:13:54.884?[0;39m ?[1;30m[Test worker]?[0;39m ?[34mINFO ?[0;39m ?[35mcom.zaxxer.hikari.HikariDataSource?[0;39m - HikariPool-8 - Start completed.
?[36m17:13:54.901?[0;39m ?[1;30m[Test worker]?[0;39m ?[34mINFO ?[0;39m ?[35morg.hibernate.dialect.Dialect?[0;39m - HHH000400: Using dialect: org.hibernate.dialect.H2Dialect
?[36m17:13:55.402?[0;39m ?[1;30m[Test worker]?[0;39m ?[34mINFO ?[0;39m ?[35mcom.zaxxer.hikari.HikariDataSource?[0;39m - HikariPool-8 - Shutdown initiated...
?[36m17:13:55.407?[0;39m ?[1;30m[Test worker]?[0;39m ?[34mINFO ?[0;39m ?[35mcom.zaxxer.hikari.HikariDataSource?[0;39m - HikariPool-8 - Shutdown completed.
]]></system-out>
  <system-err><![CDATA[]]></system-err>
</testsuite>
