<?xml version="1.0" encoding="UTF-8"?>
<testsuite name="br.com.zup.pix.RemoveEndpointTest" tests="2" skipped="0" failures="0" errors="0" timestamp="2021-04-07T18:57:26" hostname="ZUP-2698" time="0.285">
  <properties/>
  <testcase name="should delete a registered pix key()" classname="br.com.zup.pix.RemoveEndpointTest" time="0.269"/>
  <testcase name="should throw an error with wrong pix()" classname="br.com.zup.pix.RemoveEndpointTest" time="0.016"/>
  <system-out><![CDATA[?[36m15:57:26.142?[0;39m ?[1;30m[Test worker]?[0;39m ?[34mINFO ?[0;39m ?[35mi.m.context.env.DefaultEnvironment?[0;39m - Established active environments: [test]
?[36m15:57:26.167?[0;39m ?[1;30m[Test worker]?[0;39m ?[34mINFO ?[0;39m ?[35mcom.zaxxer.hikari.HikariDataSource?[0;39m - HikariPool-2 - Starting...
?[36m15:57:26.169?[0;39m ?[1;30m[Test worker]?[0;39m ?[34mINFO ?[0;39m ?[35mcom.zaxxer.hikari.HikariDataSource?[0;39m - HikariPool-2 - Start completed.
?[36m15:57:26.181?[0;39m ?[1;30m[Test worker]?[0;39m ?[34mINFO ?[0;39m ?[35morg.hibernate.dialect.Dialect?[0;39m - HHH000400: Using dialect: org.hibernate.dialect.H2Dialect
?[36m15:57:26.613?[0;39m ?[1;30m[Test worker]?[0;39m ?[34mINFO ?[0;39m ?[35mcom.zaxxer.hikari.HikariDataSource?[0;39m - HikariPool-2 - Shutdown initiated...
?[36m15:57:26.616?[0;39m ?[1;30m[Test worker]?[0;39m ?[34mINFO ?[0;39m ?[35mcom.zaxxer.hikari.HikariDataSource?[0;39m - HikariPool-2 - Shutdown completed.
]]></system-out>
  <system-err><![CDATA[]]></system-err>
</testsuite>
