<?xml version="1.0" encoding="UTF-8"?>
<testsuite name="br.com.zup.utils.KeyValidatorTest" tests="4" skipped="0" failures="0" errors="0" timestamp="2021-04-09T20:13:53" hostname="ZUP-2698" time="0.011">
  <properties/>
  <testcase name="should return email error()" classname="br.com.zup.utils.KeyValidatorTest" time="0.003"/>
  <testcase name="should return a message for invalid type()" classname="br.com.zup.utils.KeyValidatorTest" time="0.002"/>
  <testcase name="should return phone error()" classname="br.com.zup.utils.KeyValidatorTest" time="0.002"/>
  <testcase name="should return cpf error()" classname="br.com.zup.utils.KeyValidatorTest" time="0.002"/>
  <system-out><![CDATA[?[36m17:13:52.863?[0;39m ?[1;30m[Test worker]?[0;39m ?[34mINFO ?[0;39m ?[35mi.m.context.env.DefaultEnvironment?[0;39m - Established active environments: [test]
?[36m17:13:52.926?[0;39m ?[1;30m[Test worker]?[0;39m ?[34mINFO ?[0;39m ?[35mcom.zaxxer.hikari.HikariDataSource?[0;39m - HikariPool-3 - Starting...
?[36m17:13:52.931?[0;39m ?[1;30m[Test worker]?[0;39m ?[34mINFO ?[0;39m ?[35mcom.zaxxer.hikari.HikariDataSource?[0;39m - HikariPool-3 - Start completed.
?[36m17:13:52.953?[0;39m ?[1;30m[Test worker]?[0;39m ?[34mINFO ?[0;39m ?[35morg.hibernate.dialect.Dialect?[0;39m - HHH000400: Using dialect: org.hibernate.dialect.H2Dialect
?[36m17:13:53.106?[0;39m ?[1;30m[Test worker]?[0;39m ?[34mINFO ?[0;39m ?[35mcom.zaxxer.hikari.HikariDataSource?[0;39m - HikariPool-3 - Shutdown initiated...
?[36m17:13:53.111?[0;39m ?[1;30m[Test worker]?[0;39m ?[34mINFO ?[0;39m ?[35mcom.zaxxer.hikari.HikariDataSource?[0;39m - HikariPool-3 - Shutdown completed.
]]></system-out>
  <system-err><![CDATA[]]></system-err>
</testsuite>
