<?xml version="1.0" encoding="UTF-8"?>
<testsuite name="br.com.zup.utils.AccountTypeValidatorTest" tests="1" skipped="0" failures="0" errors="0" timestamp="2021-04-09T20:13:52" hostname="ZUP-2698" time="0.002">
  <properties/>
  <testcase name="should return a error message()" classname="br.com.zup.utils.AccountTypeValidatorTest" time="0.002"/>
  <system-out><![CDATA[?[36m17:13:52.584?[0;39m ?[1;30m[Test worker]?[0;39m ?[34mINFO ?[0;39m ?[35mi.m.context.env.DefaultEnvironment?[0;39m - Established active environments: [test]
?[36m17:13:52.656?[0;39m ?[1;30m[Test worker]?[0;39m ?[34mINFO ?[0;39m ?[35mcom.zaxxer.hikari.HikariDataSource?[0;39m - HikariPool-2 - Starting...
?[36m17:13:52.660?[0;39m ?[1;30m[Test worker]?[0;39m ?[34mINFO ?[0;39m ?[35mcom.zaxxer.hikari.HikariDataSource?[0;39m - HikariPool-2 - Start completed.
?[36m17:13:52.676?[0;39m ?[1;30m[Test worker]?[0;39m ?[34mINFO ?[0;39m ?[35morg.hibernate.dialect.Dialect?[0;39m - HHH000400: Using dialect: org.hibernate.dialect.H2Dialect
?[36m17:13:52.853?[0;39m ?[1;30m[Test worker]?[0;39m ?[34mINFO ?[0;39m ?[35mcom.zaxxer.hikari.HikariDataSource?[0;39m - HikariPool-2 - Shutdown initiated...
?[36m17:13:52.858?[0;39m ?[1;30m[Test worker]?[0;39m ?[34mINFO ?[0;39m ?[35mcom.zaxxer.hikari.HikariDataSource?[0;39m - HikariPool-2 - Shutdown completed.
]]></system-out>
  <system-err><![CDATA[]]></system-err>
</testsuite>
