<?xml version="1.0" encoding="UTF-8"?>
<testsuite name="br.com.zup.pix.endpoint.ExternEndpointTest" tests="1" skipped="0" failures="0" errors="0" timestamp="2021-04-09T20:13:54" hostname="ZUP-2698" time="0.185">
  <properties/>
  <testcase name="should retrieve some registered pix from external api()" classname="br.com.zup.pix.endpoint.ExternEndpointTest" time="0.185"/>
  <system-out><![CDATA[?[36m17:13:54.316?[0;39m ?[1;30m[Test worker]?[0;39m ?[34mINFO ?[0;39m ?[35mi.m.context.env.DefaultEnvironment?[0;39m - Established active environments: [test]
?[36m17:13:54.387?[0;39m ?[1;30m[Test worker]?[0;39m ?[34mINFO ?[0;39m ?[35mcom.zaxxer.hikari.HikariDataSource?[0;39m - HikariPool-7 - Starting...
?[36m17:13:54.393?[0;39m ?[1;30m[Test worker]?[0;39m ?[34mINFO ?[0;39m ?[35mcom.zaxxer.hikari.HikariDataSource?[0;39m - HikariPool-7 - Start completed.
?[36m17:13:54.430?[0;39m ?[1;30m[Test worker]?[0;39m ?[34mINFO ?[0;39m ?[35morg.hibernate.dialect.Dialect?[0;39m - HHH000400: Using dialect: org.hibernate.dialect.H2Dialect
?[36m17:13:54.817?[0;39m ?[1;30m[Test worker]?[0;39m ?[34mINFO ?[0;39m ?[35mcom.zaxxer.hikari.HikariDataSource?[0;39m - HikariPool-7 - Shutdown initiated...
?[36m17:13:54.820?[0;39m ?[1;30m[Test worker]?[0;39m ?[34mINFO ?[0;39m ?[35mcom.zaxxer.hikari.HikariDataSource?[0;39m - HikariPool-7 - Shutdown completed.
]]></system-out>
  <system-err><![CDATA[]]></system-err>
</testsuite>
