<?xml version="1.0" encoding="UTF-8"?>
<testsuite name="br.com.zup.pix.service.RetrieveServiceTest" tests="2" skipped="0" failures="0" errors="0" timestamp="2021-04-09T20:13:49" hostname="ZUP-2698" time="3.338">
  <properties/>
  <testcase name="should throw a validation error()" classname="br.com.zup.pix.service.RetrieveServiceTest" time="0.179"/>
  <testcase name="should return an obj fulfilled()" classname="br.com.zup.pix.service.RetrieveServiceTest" time="3.156"/>
  <system-out><![CDATA[?[36m17:13:42.128?[0;39m ?[1;30m[Test worker]?[0;39m ?[34mINFO ?[0;39m ?[35mi.m.context.env.DefaultEnvironment?[0;39m - Established active environments: [test]
?[36m17:13:44.202?[0;39m ?[1;30m[Test worker]?[0;39m ?[34mINFO ?[0;39m ?[35mcom.zaxxer.hikari.HikariDataSource?[0;39m - HikariPool-1 - Starting...
?[36m17:13:44.902?[0;39m ?[1;30m[Test worker]?[0;39m ?[34mINFO ?[0;39m ?[35mcom.zaxxer.hikari.HikariDataSource?[0;39m - HikariPool-1 - Start completed.
?[36m17:13:44.971?[0;39m ?[1;30m[Test worker]?[0;39m ?[34mINFO ?[0;39m ?[35morg.hibernate.Version?[0;39m - HHH000412: Hibernate ORM core version 5.4.24.Final
?[36m17:13:45.368?[0;39m ?[1;30m[Test worker]?[0;39m ?[34mINFO ?[0;39m ?[35mo.h.annotations.common.Version?[0;39m - HCANN000001: Hibernate Commons Annotations {5.1.2.Final}
?[36m17:13:45.779?[0;39m ?[1;30m[Test worker]?[0;39m ?[34mINFO ?[0;39m ?[35morg.hibernate.dialect.Dialect?[0;39m - HHH000400: Using dialect: org.hibernate.dialect.H2Dialect
?[36m17:13:52.460?[0;39m ?[1;30m[Test worker]?[0;39m ?[34mINFO ?[0;39m ?[35mcom.zaxxer.hikari.HikariDataSource?[0;39m - HikariPool-1 - Shutdown initiated...
?[36m17:13:52.464?[0;39m ?[1;30m[Test worker]?[0;39m ?[34mINFO ?[0;39m ?[35mcom.zaxxer.hikari.HikariDataSource?[0;39m - HikariPool-1 - Shutdown completed.
]]></system-out>
  <system-err><![CDATA[[2021.04.09 17:13:43] (Coverage): Error during class instrumentation: io.micronaut.configuration.jdbc.hikari.DatasourceFactory: java.lang.RuntimeException: java.io.IOException: Class io/micrometer/core/instrument/MeterRegistry not found
]]></system-err>
</testsuite>
